# JRE version: OpenJDK Runtime Environment Corretto-19.0.2.7.1 (19.0.2+7) (build 19.0.2+7-FR)
# Java VM: OpenJDK 64-Bit Server VM Corretto-19.0.2.7.1 (19.0.2+7-FR, mixed mode, sharing, tiered, compressed oops, compressed class ptrs, g1 gc, windows-amd64)
GC Precious Log:
 CardTable entry size: 512
 Card Set container configuration: InlinePtr #cards 4 size 8 Array Of Cards #cards 32 size 80 Howl #buckets 8 coarsen threshold 7372 Howl Bitmap #cards 1024 size 144 coarsen threshold 921 Card regions per heap region 1 cards per card region 8192
 CPUs: 20 total, 20 available
 Memory: 32581M
 Large Page Support: Disabled
 NUMA Support: Disabled
 Compressed Oops: Enabled (Zero based)
 Heap Region Size: 4M
 Heap Min Capacity: 8M
 Heap Initial Capacity: 512M
 Heap Max Capacity: 8148M
 Pre-touch: Disabled
 Parallel Workers: 15
 Concurrent Workers: 4
 Concurrent Refinement Workers: 15
 Periodic GC: Disabled
Heap:
 garbage-first heap   total 28672K, used 5943K [0x0000000602c00000, 0x0000000800000000)
  region size 4096K, 2 young (8192K), 1 survivors (4096K)
 Metaspace       used 16930K, committed 17152K, reserved 1114112K
  class space    used 1548K, committed 1664K, reserved 1048576K
GC Heap History (10 events):
Event: 4.874 GC heap before
{Heap before GC invocations=0 (full 0):
 garbage-first heap   total 524288K, used 12288K [0x0000000602c00000, 0x0000000800000000)
  region size 4096K, 5 young (20480K), 0 survivors (0K)
 Metaspace       used 11882K, committed 12096K, reserved 1114112K
  class space    used 1298K, committed 1408K, reserved 1048576K
}
Event: 4.879 GC heap after
{Heap after GC invocations=1 (full 1):
 garbage-first heap   total 69632K, used 4698K [0x0000000602c00000, 0x0000000800000000)
  region size 4096K, 0 young (0K), 0 survivors (0K)
 Metaspace       used 11882K, committed 12096K, reserved 1114112K
  class space    used 1298K, committed 1408K, reserved 1048576K
}
Event: 4.880 GC heap before
{Heap before GC invocations=1 (full 1):
 garbage-first heap   total 69632K, used 4698K [0x0000000602c00000, 0x0000000800000000)
  region size 4096K, 0 young (0K), 0 survivors (0K)
 Metaspace       used 11882K, committed 12096K, reserved 1114112K
  class space    used 1298K, committed 1408K, reserved 1048576K
}
Event: 4.888 GC heap after
{Heap after GC invocations=2 (full 2):
 garbage-first heap   total 28672K, used 4698K [0x0000000602c00000, 0x0000000800000000)
  region size 4096K, 0 young (0K), 0 survivors (0K)
 Metaspace       used 11882K, committed 12096K, reserved 1114112K
  class space    used 1298K, committed 1408K, reserved 1048576K
}
Event: 4.930 GC heap before
{Heap before GC invocations=2 (full 2):
 garbage-first heap   total 28672K, used 8794K [0x0000000602c00000, 0x0000000800000000)
  region size 4096K, 1 young (4096K), 0 survivors (0K)
 Metaspace       used 12767K, committed 13056K, reserved 1114112K
  class space    used 1387K, committed 1536K, reserved 1048576K
}
Event: 4.930 GC heap after
{Heap after GC invocations=3 (full 2):
 garbage-first heap   total 28672K, used 5518K [0x0000000602c00000, 0x0000000800000000)
  region size 4096K, 1 young (4096K), 1 survivors (4096K)
 Metaspace       used 12767K, committed 13056K, reserved 1114112K
  class space    used 1387K, committed 1536K, reserved 1048576K
}
Event: 5.198 GC heap before
{Heap before GC invocations=3 (full 2):
 garbage-first heap   total 28672K, used 5518K [0x0000000602c00000, 0x0000000800000000)
  region size 4096K, 2 young (8192K), 1 survivors (4096K)
 Metaspace       used 14382K, committed 14592K, reserved 1114112K
  class space    used 1450K, committed 1536K, reserved 1048576K
}
Event: 5.199 GC heap after
{Heap after GC invocations=4 (full 2):
 garbage-first heap   total 28672K, used 5886K [0x0000000602c00000, 0x0000000800000000)
  region size 4096K, 1 young (4096K), 1 survivors (4096K)
 Metaspace       used 14382K, committed 14592K, reserved 1114112K
  class space    used 1450K, committed 1536K, reserved 1048576K
}
Event: 5.247 GC heap before
{Heap before GC invocations=4 (full 2):
 garbage-first heap   total 28672K, used 9982K [0x0000000602c00000, 0x0000000800000000)
  region size 4096K, 2 young (8192K), 1 survivors (4096K)
 Metaspace       used 16263K, committed 16448K, reserved 1114112K
  class space    used 1504K, committed 1600K, reserved 1048576K
}
Event: 5.248 GC heap after
{Heap after GC invocations=5 (full 2):
 garbage-first heap   total 28672K, used 5943K [0x0000000602c00000, 0x0000000800000000)
  region size 4096K, 1 young (4096K), 1 survivors (4096K)
 Metaspace       used 16263K, committed 16448K, reserved 1114112K
  class space    used 1504K, committed 1600K, reserved 1048576K
}

